Arguments: 
  C:\Program Files\nodejs\node.exe C:\Users\hoang\AppData\Roaming\npm\node_modules\yarn\bin\yarn.js add fix backend;

PATH: 
  C:\Windows\system32;C:\Windows;C:\Windows\System32\Wbem;C:\Windows\System32\WindowsPowerShell\v1.0\;C:\Windows\System32\OpenSSH\;C:\Program Files\Git\cmd;C:\Users\hoang\AppData\Local\Programs\Python\Python39;C:\Users\hoang\AppData\Local\Programs\Python\Python39\Scripts;C:\ProgramData\chocolatey\bin;C:\ProgramData\chocolatey\lib\maven\apache-maven-3.8.1\bin;C:\Program Files\OpenJDK\openjdk-11.0.12_7\bin;C:\MinGW\bin;;C:\ProgramData\chocolatey\lib\elasticsearch\tools\elasticsearch-7.14.1\bin;C:\Program Files\nodejs\;C:\Users\hoang\AppData\Local\Microsoft\WindowsApps;C:\Users\hoang\AppData\Local\Programs\Microsoft VS Code\bin;C:\Program Files\JetBrains\WebStorm 2021.2\bin;;C:\Program Files\JetBrains\IntelliJ IDEA 2021.2\bin;;C:\Program Files\JetBrains\PyCharm 2021.2\bin;;C:\tools\mysql\current\bin;F:\flutter\bin;;C:\Program Files\JetBrains\CLion 2021.2.1\bin;;C:\Users\hoang\AppData\Roaming\npm;C:\Users\hoang\AppData\Local\Programs\mongosh\

Yarn version: 
  1.22.17

Node version: 
  14.17.5

Platform: 
  win32 x64

Trace: 
  Error: https://registry.yarnpkg.com/fix%20backend;: Not found
      at Request.params.callback [as _callback] (C:\Users\hoang\AppData\Roaming\npm\node_modules\yarn\lib\cli.js:67029:18)
      at Request.self.callback (C:\Users\hoang\AppData\Roaming\npm\node_modules\yarn\lib\cli.js:140883:22)
      at Request.emit (events.js:400:28)
      at Request.<anonymous> (C:\Users\hoang\AppData\Roaming\npm\node_modules\yarn\lib\cli.js:141855:10)
      at Request.emit (events.js:400:28)
      at IncomingMessage.<anonymous> (C:\Users\hoang\AppData\Roaming\npm\node_modules\yarn\lib\cli.js:141777:12)
      at Object.onceWrapper (events.js:519:28)
      at IncomingMessage.emit (events.js:412:35)
      at endReadableNT (internal/streams/readable.js:1317:12)
      at processTicksAndRejections (internal/process/task_queues.js:82:21)

npm manifest: 
  No manifest

yarn manifest: 
  No manifest

Lockfile: 
  No lockfile
